<!DOCTYPE html PUBLIC "-//W3C//DTD XHTML 1.1//EN" "http://www.w3.org/TR/xhtml11/DTD/xhtml11.dtd">
<html xmlns="http://www.w3.org/1999/xhtml">
<head>
<meta http-equiv="content-type" content="text/html; charset=UTF-8"/>
<title>TestNG Report</title>
<style type="text/css">table {margin-bottom:10px;border-collapse:collapse;empty-cells:show}th,td {border:1px solid #009;padding:.25em .5em}th {vertical-align:bottom}td {vertical-align:top}table a {font-weight:bold}.stripe td {background-color: #E6EBF9}.num {text-align:right}.passedodd td {background-color: #3F3}.passedeven td {background-color: #0A0}.skippedodd td {background-color: #DDD}.skippedeven td {background-color: #CCC}.failedodd td,.attn {background-color: #F33}.failedeven td,.stripe .attn {background-color: #D00}.stacktrace {white-space:pre;font-family:monospace}.totop {font-size:85%;text-align:center;border-bottom:2px solid #000}.invisible {display:none}</style>
</head>
<body>
<table>
<tr><th>Test</th><th># Passed</th><th># Skipped</th><th># Retried</th><th># Failed</th><th>Time (ms)</th><th>Included Groups</th><th>Excluded Groups</th></tr>
<tr><th colspan="7">Rediff Suite</th></tr>
<tr><td><a href="#t0">Create Portfolio Test</a></td><td class="num">0</td><td class="num attn">2</td><td class="num">0</td><td class="num attn">1</td><td class="num">968</td><td></td><td></td></tr>
<tr class="stripe"><td><a href="#t1">Delete Portfolio Test</a></td><td class="num">0</td><td class="num attn">2</td><td class="num">0</td><td class="num attn">1</td><td class="num">89</td><td></td><td></td></tr>
<tr><td><a href="#t2">Buy Stock Test</a></td><td class="num">0</td><td class="num attn">2</td><td class="num">0</td><td class="num attn">1</td><td class="num">81</td><td></td><td></td></tr>
<tr><th>Total</th><th class="num">0</th><th class="num attn">6</th><th class="num">0</th><th class="num attn">3</th><th class="num">1,138</th><th colspan="2"></th></tr>
</table>
<table id='summary'><thead><tr><th>Class</th><th>Method</th><th>Start</th><th>Time (ms)</th></tr></thead><tbody><tr><th colspan="4">Rediff Suite</th></tr></tbody><tbody id="t0"><tr><th colspan="4">Create Portfolio Test &#8212; failed</th></tr><tr class="failedeven"><td rowspan="1">testcases.CreatePortfolio</td><td><a href="#m0">createPortFolio</a></td><td rowspan="1">1672107219053</td><td rowspan="1">252</td></tr><tr><th colspan="4">Create Portfolio Test &#8212; skipped</th></tr><tr class="skippedeven"><td rowspan="2">testcases.CreatePortfolio</td><td><a href="#m1">createPortFolio</a></td><td rowspan="2">1672107219623</td><td rowspan="2">4</td></tr><tr class="skippedeven"><td><a href="#m2">createPortFolio</a></td></tr></tbody>
<tbody id="t1"><tr><th colspan="4">Delete Portfolio Test &#8212; failed</th></tr><tr class="failedeven"><td rowspan="1">testcases.DeletePortfolio</td><td><a href="#m3">deletePortfolio</a></td><td rowspan="1">1672107219718</td><td rowspan="1">10</td></tr><tr><th colspan="4">Delete Portfolio Test &#8212; skipped</th></tr><tr class="skippedeven"><td rowspan="2">testcases.DeletePortfolio</td><td><a href="#m4">deletePortfolio</a></td><td rowspan="2">1672107219778</td><td rowspan="2">3</td></tr><tr class="skippedeven"><td><a href="#m5">deletePortfolio</a></td></tr></tbody>
<tbody id="t2"><tr><th colspan="4">Buy Stock Test &#8212; failed</th></tr><tr class="failedeven"><td rowspan="1">testcases.BuyStock</td><td><a href="#m6">buyStock</a></td><td rowspan="1">1672107219842</td><td rowspan="1">10</td></tr><tr><th colspan="4">Buy Stock Test &#8212; skipped</th></tr><tr class="skippedeven"><td rowspan="2">testcases.BuyStock</td><td><a href="#m7">buyStock</a></td><td rowspan="2">1672107219872</td><td rowspan="2">2</td></tr><tr class="skippedeven"><td><a href="#m8">buyStock</a></td></tr></tbody>
</table>
<h2>Create Portfolio Test</h2><h3 id="m0">testcases.CreatePortfolio#createPortFolio</h3><table class="result"><tr class="param"><th>Parameter #1</th></tr><tr class="param stripe"><td>{&quot;runmode&quot;:&quot;Y&quot;,&quot;portfolio_name&quot;:&quot;Nov2022&quot;}</td></tr><tr><th>Exception</th></tr><tr><td><div class="stacktrace">java.lang.NoSuchMethodError: &apos;com.google.common.util.concurrent.SimpleTimeLimiter com.google.common.util.concurrent.SimpleTimeLimiter.create(java.util.concurrent.ExecutorService)&apos;
	at org.openqa.selenium.net.UrlChecker.&lt;init&gt;(UrlChecker.java:62)
	at org.openqa.selenium.remote.service.DriverService.waitUntilAvailable(DriverService.java:197)
	at org.openqa.selenium.remote.service.DriverService.start(DriverService.java:188)
	at org.openqa.selenium.remote.service.DriverCommandExecutor.execute(DriverCommandExecutor.java:79)
	at org.openqa.selenium.remote.RemoteWebDriver.execute(RemoteWebDriver.java:552)
	at org.openqa.selenium.remote.RemoteWebDriver.startSession(RemoteWebDriver.java:213)
	at org.openqa.selenium.remote.RemoteWebDriver.&lt;init&gt;(RemoteWebDriver.java:131)
	at org.openqa.selenium.chrome.ChromeDriver.&lt;init&gt;(ChromeDriver.java:181)
	at org.openqa.selenium.chrome.ChromeDriver.&lt;init&gt;(ChromeDriver.java:168)
	at org.openqa.selenium.chrome.ChromeDriver.&lt;init&gt;(ChromeDriver.java:123)
	at keywords.GenericKeywords.openBrowser(GenericKeywords.java:41)
	at testcases.CreatePortfolio.createPortFolio(CreatePortfolio.java:58)
	at java.base/java.util.ArrayList.forEach(ArrayList.java:1511)
... Removed 27 stack frames</div></td></tr></table><p class="totop"><a href="#summary">back to summary</a></p>
<h3 id="m1">testcases.CreatePortfolio#createPortFolio</h3><table class="result"><tr class="param"><th>Parameter #1</th></tr><tr class="param stripe"><td>{&quot;runmode&quot;:&quot;N&quot;,&quot;portfolio_name&quot;:&quot;Nov2023&quot;}</td></tr><tr><th>Exception</th></tr><tr><td><div class="stacktrace">org.testng.SkipException: skipping the test
	at keywords.GenericKeywords.skipTest(GenericKeywords.java:167)
	at testcases.CreatePortfolio.createPortFolio(CreatePortfolio.java:57)
	at java.base/java.util.ArrayList.forEach(ArrayList.java:1511)
... Removed 27 stack frames</div></td></tr></table><p class="totop"><a href="#summary">back to summary</a></p>
<h3 id="m2">testcases.CreatePortfolio#createPortFolio</h3><table class="result"><tr class="param"><th>Parameter #1</th></tr><tr class="param stripe"><td>{&quot;runmode&quot;:&quot;N&quot;,&quot;portfolio_name&quot;:&quot;Nov2024&quot;}</td></tr><tr><th>Exception</th></tr><tr><td><div class="stacktrace">org.testng.SkipException: skipping the test
	at keywords.GenericKeywords.skipTest(GenericKeywords.java:167)
	at testcases.CreatePortfolio.createPortFolio(CreatePortfolio.java:57)
	at java.base/java.util.ArrayList.forEach(ArrayList.java:1511)
... Removed 27 stack frames</div></td></tr></table><p class="totop"><a href="#summary">back to summary</a></p>
<h2>Delete Portfolio Test</h2><h3 id="m3">testcases.DeletePortfolio#deletePortfolio</h3><table class="result"><tr class="param"><th>Parameter #1</th></tr><tr class="param stripe"><td>{&quot;runmode&quot;:&quot;Y&quot;,&quot;portfolio_name&quot;:&quot;Nov2022&quot;}</td></tr><tr><th>Exception</th></tr><tr><td><div class="stacktrace">java.lang.NoSuchMethodError: &apos;com.google.common.util.concurrent.SimpleTimeLimiter com.google.common.util.concurrent.SimpleTimeLimiter.create(java.util.concurrent.ExecutorService)&apos;
	at org.openqa.selenium.net.UrlChecker.&lt;init&gt;(UrlChecker.java:62)
	at org.openqa.selenium.remote.service.DriverService.waitUntilAvailable(DriverService.java:197)
	at org.openqa.selenium.remote.service.DriverService.start(DriverService.java:188)
	at org.openqa.selenium.remote.service.DriverCommandExecutor.execute(DriverCommandExecutor.java:79)
	at org.openqa.selenium.remote.RemoteWebDriver.execute(RemoteWebDriver.java:552)
	at org.openqa.selenium.remote.RemoteWebDriver.startSession(RemoteWebDriver.java:213)
	at org.openqa.selenium.remote.RemoteWebDriver.&lt;init&gt;(RemoteWebDriver.java:131)
	at org.openqa.selenium.chrome.ChromeDriver.&lt;init&gt;(ChromeDriver.java:181)
	at org.openqa.selenium.chrome.ChromeDriver.&lt;init&gt;(ChromeDriver.java:168)
	at org.openqa.selenium.chrome.ChromeDriver.&lt;init&gt;(ChromeDriver.java:123)
	at keywords.GenericKeywords.openBrowser(GenericKeywords.java:41)
	at testcases.DeletePortfolio.deletePortfolio(DeletePortfolio.java:42)
	at java.base/java.util.ArrayList.forEach(ArrayList.java:1511)
... Removed 27 stack frames</div></td></tr></table><p class="totop"><a href="#summary">back to summary</a></p>
<h3 id="m4">testcases.DeletePortfolio#deletePortfolio</h3><table class="result"><tr class="param"><th>Parameter #1</th></tr><tr class="param stripe"><td>{&quot;runmode&quot;:&quot;N&quot;,&quot;portfolio_name&quot;:&quot;Nov2024&quot;}</td></tr><tr><th>Exception</th></tr><tr><td><div class="stacktrace">org.testng.SkipException: skipping the test
	at keywords.GenericKeywords.skipTest(GenericKeywords.java:167)
	at testcases.DeletePortfolio.deletePortfolio(DeletePortfolio.java:41)
	at java.base/java.util.ArrayList.forEach(ArrayList.java:1511)
... Removed 27 stack frames</div></td></tr></table><p class="totop"><a href="#summary">back to summary</a></p>
<h3 id="m5">testcases.DeletePortfolio#deletePortfolio</h3><table class="result"><tr class="param"><th>Parameter #1</th></tr><tr class="param stripe"><td>{&quot;runmode&quot;:&quot;N&quot;,&quot;portfolio_name&quot;:&quot;Nov2023&quot;}</td></tr><tr><th>Exception</th></tr><tr><td><div class="stacktrace">org.testng.SkipException: skipping the test
	at keywords.GenericKeywords.skipTest(GenericKeywords.java:167)
	at testcases.DeletePortfolio.deletePortfolio(DeletePortfolio.java:41)
	at java.base/java.util.ArrayList.forEach(ArrayList.java:1511)
... Removed 27 stack frames</div></td></tr></table><p class="totop"><a href="#summary">back to summary</a></p>
<h2>Buy Stock Test</h2><h3 id="m6">testcases.BuyStock#buyStock</h3><table class="result"><tr class="param"><th>Parameter #1</th></tr><tr class="param stripe"><td>{&quot;runmode&quot;:&quot;Y&quot;,&quot;stock_name&quot;:&quot;Reliance Power Ltd.&quot;,&quot;price&quot;:&quot;1000&quot;,&quot;qty&quot;:&quot;100&quot;,&quot;purchase_date&quot;:&quot;22-04-2018&quot;}</td></tr><tr><th>Exception</th></tr><tr><td><div class="stacktrace">java.lang.NoSuchMethodError: &apos;com.google.common.util.concurrent.SimpleTimeLimiter com.google.common.util.concurrent.SimpleTimeLimiter.create(java.util.concurrent.ExecutorService)&apos;
	at org.openqa.selenium.net.UrlChecker.&lt;init&gt;(UrlChecker.java:62)
	at org.openqa.selenium.remote.service.DriverService.waitUntilAvailable(DriverService.java:197)
	at org.openqa.selenium.remote.service.DriverService.start(DriverService.java:188)
	at org.openqa.selenium.remote.service.DriverCommandExecutor.execute(DriverCommandExecutor.java:79)
	at org.openqa.selenium.remote.RemoteWebDriver.execute(RemoteWebDriver.java:552)
	at org.openqa.selenium.remote.RemoteWebDriver.startSession(RemoteWebDriver.java:213)
	at org.openqa.selenium.remote.RemoteWebDriver.&lt;init&gt;(RemoteWebDriver.java:131)
	at org.openqa.selenium.chrome.ChromeDriver.&lt;init&gt;(ChromeDriver.java:181)
	at org.openqa.selenium.chrome.ChromeDriver.&lt;init&gt;(ChromeDriver.java:168)
	at org.openqa.selenium.chrome.ChromeDriver.&lt;init&gt;(ChromeDriver.java:123)
	at keywords.GenericKeywords.openBrowser(GenericKeywords.java:41)
	at testcases.BuyStock.buyStock(BuyStock.java:53)
	at java.base/java.util.ArrayList.forEach(ArrayList.java:1511)
... Removed 27 stack frames</div></td></tr></table><p class="totop"><a href="#summary">back to summary</a></p>
<h3 id="m7">testcases.BuyStock#buyStock</h3><table class="result"><tr class="param"><th>Parameter #1</th></tr><tr class="param stripe"><td>{&quot;runmode&quot;:&quot;N&quot;,&quot;portfolio_name&quot;:&quot;Nov2023&quot;}</td></tr><tr><th>Exception</th></tr><tr><td><div class="stacktrace">org.testng.SkipException: skipping the test
	at keywords.GenericKeywords.skipTest(GenericKeywords.java:167)
	at testcases.BuyStock.buyStock(BuyStock.java:52)
	at java.base/java.util.ArrayList.forEach(ArrayList.java:1511)
... Removed 27 stack frames</div></td></tr></table><p class="totop"><a href="#summary">back to summary</a></p>
<h3 id="m8">testcases.BuyStock#buyStock</h3><table class="result"><tr class="param"><th>Parameter #1</th></tr><tr class="param stripe"><td>{&quot;runmode&quot;:&quot;N&quot;,&quot;portfolio_name&quot;:&quot;Nov2024&quot;}</td></tr><tr><th>Exception</th></tr><tr><td><div class="stacktrace">org.testng.SkipException: skipping the test
	at keywords.GenericKeywords.skipTest(GenericKeywords.java:167)
	at testcases.BuyStock.buyStock(BuyStock.java:52)
	at java.base/java.util.ArrayList.forEach(ArrayList.java:1511)
... Removed 27 stack frames</div></td></tr></table><p class="totop"><a href="#summary">back to summary</a></p>
</body>
</html>
