<?xml version="1.0" encoding="UTF-8"?>
<!-- Generated by org.testng.reporters.JUnitXMLReporter -->
<testsuite ignored="0" hostname="DESKTOP-BKVHFCN" failures="2" tests="6" name="Portfolio Test" time="36.1" errors="0" timestamp="2022-12-20T07:51:06 IST">
  <testcase classname="testcases.Portfolio" name="createPortfolio" time="16.537">
    <failure type="java.lang.AssertionError" message="The following asserts failed:
	Element not found create_portfolio_button_xpath">
      <![CDATA[java.lang.AssertionError: The following asserts failed:
Element not found create_portfolio_button_xpath
at keywords.GenericKeywords.assertAll(GenericKeywords.java:136)
at keywords.GenericKeywords.reportFailure(GenericKeywords.java:125)
at keywords.GenericKeywords.getElement(GenericKeywords.java:85)
at keywords.GenericKeywords.click(GenericKeywords.java:55)
at testcases.Portfolio.createPortfolio(Portfolio.java:45)
at java.base/java.util.ArrayList.forEach(ArrayList.java:1511)
... Removed 29 stack frames]]>
    </failure>
  </testcase> <!-- createPortfolio -->
  <testcase classname="testcases.Portfolio" name="createPortfolio" time="0.003">
    <skipped/>
  </testcase> <!-- createPortfolio -->
  <testcase classname="testcases.Portfolio" name="createPortfolio" time="0.001">
    <skipped/>
  </testcase> <!-- createPortfolio -->
  <testcase classname="testcases.Portfolio" name="deletePortfolio" time="18.551">
    <failure type="org.openqa.selenium.NoSuchElementException" message="Cannot locate option with text: Nov2022
For documentation on this error, please visit: https://selenium.dev/exceptions/#no_such_element
Build info: version: &amp;apos;4.0.0-alpha-7&amp;apos;, revision: &amp;apos;de8579b6d5&amp;apos;
System info: host: &amp;apos;DESKTOP-BKVHFCN&amp;apos;, ip: &amp;apos;192.168.1.163&amp;apos;, os.name: &amp;apos;Windows 10&amp;apos;, os.arch: &amp;apos;amd64&amp;apos;, os.version: &amp;apos;10.0&amp;apos;, java.version: &amp;apos;17&amp;apos;
Driver info: driver.version: unknown">
      <![CDATA[org.openqa.selenium.NoSuchElementException: Cannot locate option with text: Nov2022
For documentation on this error, please visit: https://selenium.dev/exceptions/#no_such_element
Build info: version: '4.0.0-alpha-7', revision: 'de8579b6d5'
System info: host: 'DESKTOP-BKVHFCN', ip: '192.168.1.163', os.name: 'Windows 10', os.arch: 'amd64', os.version: '10.0', java.version: '17'
Driver info: driver.version: unknown
at org.openqa.selenium.support.ui.Select.selectByVisibleText(Select.java:151)
at keywords.GenericKeywords.select(GenericKeywords.java:69)
at testcases.Portfolio.deletePortfolio(Portfolio.java:66)
at java.base/java.util.ArrayList.forEach(ArrayList.java:1511)
... Removed 27 stack frames]]>
    </failure>
  </testcase> <!-- deletePortfolio -->
  <testcase classname="testcases.Portfolio" name="deletePortfolio" time="0.004">
    <skipped/>
  </testcase> <!-- deletePortfolio -->
  <testcase classname="testcases.Portfolio" name="deletePortfolio" time="0.003">
    <skipped/>
  </testcase> <!-- deletePortfolio -->
</testsuite> <!-- Portfolio Test -->
