<?xml version="1.0" encoding="UTF-8"?>
<!-- Generated by org.testng.reporters.JUnitXMLReporter -->
<testsuite hostname="DESKTOP-BKVHFCN" ignored="0" name="Delete Portfolio Test" tests="3" failures="1" timestamp="2022-12-29T07:17:46 IST" time="268.847" errors="0">
  <testcase name="deletePortfolio" time="266.445" classname="testcases.DeletePortfolio">
    <failure type="java.lang.AssertionError" message="The following asserts failed:
	Element not found portfolio_selection_dropdown_id">
      <![CDATA[java.lang.AssertionError: The following asserts failed:
Element not found portfolio_selection_dropdown_id
at keywords.GenericKeywords.assertAll(GenericKeywords.java:171)
at keywords.GenericKeywords.reportFailure(GenericKeywords.java:160)
at keywords.GenericKeywords.getElement(GenericKeywords.java:119)
at keywords.GenericKeywords.select(GenericKeywords.java:97)
at testcases.DeletePortfolio.deletePortfolio(DeletePortfolio.java:45)
at java.util.ArrayList.forEach(ArrayList.java:1259)
... Removed 33 stack frames]]>
    </failure>
  </testcase> <!-- deletePortfolio -->
  <testcase name="deletePortfolio" time="0.001" classname="testcases.DeletePortfolio">
    <skipped/>
  </testcase> <!-- deletePortfolio -->
  <testcase name="deletePortfolio" time="0.001" classname="testcases.DeletePortfolio">
    <skipped/>
  </testcase> <!-- deletePortfolio -->
</testsuite> <!-- Delete Portfolio Test -->
